nohup: ignoring input
2026-07-11 18:16:42,267 INFO src.ingestion.loader | Loading cached dataset from /home/mgili/Workspace/ORT/ML Prod/Obligatorio/data/processed/history.parquet
2026-07-11 18:16:42,387 INFO __main__ | Loaded 82595 labelled rows. Positive rate: 0.358
2026-07-11 18:16:42,449 INFO src.training.split | Temporal split @ 2024-04-14 | train=65990 (2013..2024-04-13)  test=16605 (2024-04-14..2025-07-27)
2026-07-11 18:16:42,480 INFO src.training.split | Temporal split @ 2023-04-30 | train=52703 (2013..2023-04-29)  test=13287 (2023-04-30..2024-04-13)
2026-07-11 18:16:43,205 INFO src.features.pipeline | FeatureEngineeringPipeline fitted on 52703 rows / 5749 horses / 271 jockeys
2026-07-11 18:20:08,883 INFO __main__ | Tuning splits | train_inner=52703  val=13287  test_held_out=16605
2026/07/11 18:20:08 INFO mlflow.tracking.fluent: Experiment with name 'trifecta-classifier' does not exist. Creating a new experiment.
[I 2026-07-11 18:20:08,892] A new study created in memory with name: trifecta_optuna_2024-04-14
/home/mgili/Workspace/ORT/ML Prod/Obligatorio/.venv/lib/python3.10/site-packages/sklearn/impute/_base.py:653: UserWarning: Skipping features without any observed values: ['post_position']. At least one non-missing value is needed for imputation with strategy='median'.
  warnings.warn(
/home/mgili/Workspace/ORT/ML Prod/Obligatorio/.venv/lib/python3.10/site-packages/sklearn/impute/_base.py:653: UserWarning: Skipping features without any observed values: ['post_position']. At least one non-missing value is needed for imputation with strategy='median'.
  warnings.warn(
[I 2026-07-11 18:20:14,634] Trial 0 finished with value: 0.6206292379948086 and parameters: {'n_estimators': 550, 'max_depth': 10, 'learning_rate': 0.08960785365368121, 'min_child_weight': 6, 'reg_lambda': 0.7800932022121826, 'reg_alpha': 0.3119890406724053, 'subsample': 0.6232334448672797, 'colsample_bytree': 0.9464704583099741, 'gamma': 3.005575058716044}. Best is trial 0 with value: 0.6206292379948086.
/home/mgili/Workspace/ORT/ML Prod/Obligatorio/.venv/lib/python3.10/site-packages/sklearn/impute/_base.py:653: UserWarning: Skipping features without any observed values: ['post_position']. At least one non-missing value is needed for imputation with strategy='median'.
  warnings.warn(
/home/mgili/Workspace/ORT/ML Prod/Obligatorio/.venv/lib/python3.10/site-packages/sklearn/impute/_base.py:653: UserWarning: Skipping features without any observed values: ['post_position']. At least one non-missing value is needed for imputation with strategy='median'.
  warnings.warn(
[I 2026-07-11 18:20:19,068] Trial 1 finished with value: 0.6216096667537937 and parameters: {'n_estimators': 900, 'max_depth': 3, 'learning_rate': 0.18276027831785724, 'min_child_weight': 9, 'reg_lambda': 1.0616955533913808, 'reg_alpha': 0.36364993441420124, 'subsample': 0.6733618039413735, 'colsample_bytree': 0.7216968971838151, 'gamma': 2.6237821581611893}. Best is trial 1 with value: 0.6216096667537937.
/home/mgili/Workspace/ORT/ML Prod/Obligatorio/.venv/lib/python3.10/site-packages/sklearn/impute/_base.py:653: UserWarning: Skipping features without any observed values: ['post_position']. At least one non-missing value is needed for imputation with strategy='median'.
  warnings.warn(
/home/mgili/Workspace/ORT/ML Prod/Obligatorio/.venv/lib/python3.10/site-packages/sklearn/impute/_base.py:653: UserWarning: Skipping features without any observed values: ['post_position']. At least one non-missing value is needed for imputation with strategy='median'.
  warnings.warn(
[I 2026-07-11 18:20:26,340] Trial 2 finished with value: 0.6305817616501768 and parameters: {'n_estimators': 650, 'max_depth': 5, 'learning_rate': 0.06252287916406217, 'min_child_weight': 2, 'reg_lambda': 1.4607232426760908, 'reg_alpha': 0.7327236865873834, 'subsample': 0.7824279936868144, 'colsample_bytree': 0.9140703845572055, 'gamma': 0.9983689107917987}. Best is trial 2 with value: 0.6305817616501768.
/home/mgili/Workspace/ORT/ML Prod/Obligatorio/.venv/lib/python3.10/site-packages/sklearn/impute/_base.py:653: UserWarning: Skipping features without any observed values: ['post_position']. At least one non-missing value is needed for imputation with strategy='median'.
  warnings.warn(
/home/mgili/Workspace/ORT/ML Prod/Obligatorio/.venv/lib/python3.10/site-packages/sklearn/impute/_base.py:653: UserWarning: Skipping features without any observed values: ['post_position']. At least one non-missing value is needed for imputation with strategy='median'.
  warnings.warn(
[I 2026-07-11 18:20:34,646] Trial 3 finished with value: 0.6258960493927637 and parameters: {'n_estimators': 700, 'max_depth': 7, 'learning_rate': 0.011492999300221412, 'min_child_weight': 7, 'reg_lambda': 0.8526206184364576, 'reg_alpha': 0.13010318597055903, 'subsample': 0.9795542149013333, 'colsample_bytree': 0.9862528132298237, 'gamma': 4.041986740582305}. Best is trial 2 with value: 0.6305817616501768.
/home/mgili/Workspace/ORT/ML Prod/Obligatorio/.venv/lib/python3.10/site-packages/sklearn/impute/_base.py:653: UserWarning: Skipping features without any observed values: ['post_position']. At least one non-missing value is needed for imputation with strategy='median'.
  warnings.warn(
/home/mgili/Workspace/ORT/ML Prod/Obligatorio/.venv/lib/python3.10/site-packages/sklearn/impute/_base.py:653: UserWarning: Skipping features without any observed values: ['post_position']. At least one non-missing value is needed for imputation with strategy='median'.
  warnings.warn(
[I 2026-07-11 18:20:36,822] Trial 4 finished with value: 0.6292999118240246 and parameters: {'n_estimators': 500, 'max_depth': 3, 'learning_rate': 0.07766184280392888, 'min_child_weight': 5, 'reg_lambda': 0.6101911742238941, 'reg_alpha': 0.9903538202225404, 'subsample': 0.6137554084460873, 'colsample_bytree': 0.9637281608315128, 'gamma': 1.2938999080000846}. Best is trial 2 with value: 0.6305817616501768.
/home/mgili/Workspace/ORT/ML Prod/Obligatorio/.venv/lib/python3.10/site-packages/sklearn/impute/_base.py:653: UserWarning: Skipping features without any observed values: ['post_position']. At least one non-missing value is needed for imputation with strategy='median'.
  warnings.warn(
/home/mgili/Workspace/ORT/ML Prod/Obligatorio/.venv/lib/python3.10/site-packages/sklearn/impute/_base.py:653: UserWarning: Skipping features without any observed values: ['post_position']. At least one non-missing value is needed for imputation with strategy='median'.
  warnings.warn(
[I 2026-07-11 18:20:39,721] Trial 5 finished with value: 0.6248694834964605 and parameters: {'n_estimators': 850, 'max_depth': 5, 'learning_rate': 0.04749239763680407, 'min_child_weight': 6, 'reg_lambda': 0.9242722776276352, 'reg_alpha': 1.9391692555291171, 'subsample': 0.9100531293444458, 'colsample_bytree': 0.9757995766256756, 'gamma': 4.474136752138244}. Best is trial 2 with value: 0.6305817616501768.
/home/mgili/Workspace/ORT/ML Prod/Obligatorio/.venv/lib/python3.10/site-packages/sklearn/impute/_base.py:653: UserWarning: Skipping features without any observed values: ['post_position']. At least one non-missing value is needed for imputation with strategy='median'.
  warnings.warn(
/home/mgili/Workspace/ORT/ML Prod/Obligatorio/.venv/lib/python3.10/site-packages/sklearn/impute/_base.py:653: UserWarning: Skipping features without any observed values: ['post_position']. At least one non-missing value is needed for imputation with strategy='median'.
  warnings.warn(
[I 2026-07-11 18:20:46,093] Trial 6 finished with value: 0.6295520137557759 and parameters: {'n_estimators': 800, 'max_depth': 10, 'learning_rate': 0.01303561122512888, 'min_child_weight': 2, 'reg_lambda': 0.22613644455269033, 'reg_alpha': 0.6506606615265287, 'subsample': 0.7554709158757928, 'colsample_bytree': 0.7085396127095583, 'gamma': 4.143687545759647}. Best is trial 2 with value: 0.6305817616501768.
/home/mgili/Workspace/ORT/ML Prod/Obligatorio/.venv/lib/python3.10/site-packages/sklearn/impute/_base.py:653: UserWarning: Skipping features without any observed values: ['post_position']. At least one non-missing value is needed for imputation with strategy='median'.
  warnings.warn(
/home/mgili/Workspace/ORT/ML Prod/Obligatorio/.venv/lib/python3.10/site-packages/sklearn/impute/_base.py:653: UserWarning: Skipping features without any observed values: ['post_position']. At least one non-missing value is needed for imputation with strategy='median'.
  warnings.warn(
[I 2026-07-11 18:20:47,658] Trial 7 finished with value: 0.6270317426516598 and parameters: {'n_estimators': 550, 'max_depth': 5, 'learning_rate': 0.05082341959721458, 'min_child_weight': 2, 'reg_lambda': 4.010984903770199, 'reg_alpha': 0.14910128735954165, 'subsample': 0.9947547746402069, 'colsample_bytree': 0.908897907718663, 'gamma': 0.993578407670862}. Best is trial 2 with value: 0.6305817616501768.
/home/mgili/Workspace/ORT/ML Prod/Obligatorio/.venv/lib/python3.10/site-packages/sklearn/impute/_base.py:653: UserWarning: Skipping features without any observed values: ['post_position']. At least one non-missing value is needed for imputation with strategy='median'.
  warnings.warn(
/home/mgili/Workspace/ORT/ML Prod/Obligatorio/.venv/lib/python3.10/site-packages/sklearn/impute/_base.py:653: UserWarning: Skipping features without any observed values: ['post_position']. At least one non-missing value is needed for imputation with strategy='median'.
  warnings.warn(
[I 2026-07-11 18:20:48,851] Trial 8 finished with value: 0.6285502265720296 and parameters: {'n_estimators': 200, 'max_depth': 9, 'learning_rate': 0.08310795711416077, 'min_child_weight': 8, 'reg_lambda': 3.8563517334297286, 'reg_alpha': 0.14808930346818072, 'subsample': 0.7433862914177091, 'colsample_bytree': 0.6463476238100518, 'gamma': 4.315517129377968}. Best is trial 2 with value: 0.6305817616501768.
/home/mgili/Workspace/ORT/ML Prod/Obligatorio/.venv/lib/python3.10/site-packages/sklearn/impute/_base.py:653: UserWarning: Skipping features without any observed values: ['post_position']. At least one non-missing value is needed for imputation with strategy='median'.
  warnings.warn(
/home/mgili/Workspace/ORT/ML Prod/Obligatorio/.venv/lib/python3.10/site-packages/sklearn/impute/_base.py:653: UserWarning: Skipping features without any observed values: ['post_position']. At least one non-missing value is needed for imputation with strategy='median'.
  warnings.warn(
[I 2026-07-11 18:20:51,889] Trial 9 finished with value: 0.6266964243883014 and parameters: {'n_estimators': 850, 'max_depth': 5, 'learning_rate': 0.012097379927033842, 'min_child_weight': 4, 'reg_lambda': 1.6259166101337352, 'reg_alpha': 1.4592123566761281, 'subsample': 0.8550229885420852, 'colsample_bytree': 0.9548850970305306, 'gamma': 2.3610746258097466}. Best is trial 2 with value: 0.6305817616501768.
/home/mgili/Workspace/ORT/ML Prod/Obligatorio/.venv/lib/python3.10/site-packages/sklearn/impute/_base.py:653: UserWarning: Skipping features without any observed values: ['post_position']. At least one non-missing value is needed for imputation with strategy='median'.
  warnings.warn(
/home/mgili/Workspace/ORT/ML Prod/Obligatorio/.venv/lib/python3.10/site-packages/sklearn/impute/_base.py:653: UserWarning: Skipping features without any observed values: ['post_position']. At least one non-missing value is needed for imputation with strategy='median'.
  warnings.warn(
[I 2026-07-11 18:20:59,099] Trial 10 finished with value: 0.6316602605533607 and parameters: {'n_estimators': 1200, 'max_depth': 7, 'learning_rate': 0.024456462052700165, 'min_child_weight': 10, 'reg_lambda': 2.6276372894275966, 'reg_alpha': 1.1504161336305452, 'subsample': 0.8189071324479795, 'colsample_bytree': 0.837520667452526, 'gamma': 0.2600428480983542}. Best is trial 10 with value: 0.6316602605533607.
/home/mgili/Workspace/ORT/ML Prod/Obligatorio/.venv/lib/python3.10/site-packages/sklearn/impute/_base.py:653: UserWarning: Skipping features without any observed values: ['post_position']. At least one non-missing value is needed for imputation with strategy='median'.
  warnings.warn(
/home/mgili/Workspace/ORT/ML Prod/Obligatorio/.venv/lib/python3.10/site-packages/sklearn/impute/_base.py:653: UserWarning: Skipping features without any observed values: ['post_position']. At least one non-missing value is needed for imputation with strategy='median'.
  warnings.warn(
[I 2026-07-11 18:21:04,863] Trial 11 finished with value: 0.6303028222859071 and parameters: {'n_estimators': 1200, 'max_depth': 7, 'learning_rate': 0.024133658500130925, 'min_child_weight': 10, 'reg_lambda': 2.4032717670818906, 'reg_alpha': 0.9637926593266593, 'subsample': 0.8159058150301346, 'colsample_bytree': 0.8474384528120613, 'gamma': 0.024366695602477922}. Best is trial 10 with value: 0.6316602605533607.
/home/mgili/Workspace/ORT/ML Prod/Obligatorio/.venv/lib/python3.10/site-packages/sklearn/impute/_base.py:653: UserWarning: Skipping features without any observed values: ['post_position']. At least one non-missing value is needed for imputation with strategy='median'.
  warnings.warn(
/home/mgili/Workspace/ORT/ML Prod/Obligatorio/.venv/lib/python3.10/site-packages/sklearn/impute/_base.py:653: UserWarning: Skipping features without any observed values: ['post_position']. At least one non-missing value is needed for imputation with strategy='median'.
  warnings.warn(
[I 2026-07-11 18:21:11,995] Trial 12 finished with value: 0.6306219936863837 and parameters: {'n_estimators': 1150, 'max_depth': 7, 'learning_rate': 0.02597793980192431, 'min_child_weight': 1, 'reg_lambda': 2.935178409521971, 'reg_alpha': 1.2148813395941118, 'subsample': 0.8141978064593092, 'colsample_bytree': 0.8372996640654502, 'gamma': 0.018190830233141497}. Best is trial 10 with value: 0.6316602605533607.
/home/mgili/Workspace/ORT/ML Prod/Obligatorio/.venv/lib/python3.10/site-packages/sklearn/impute/_base.py:653: UserWarning: Skipping features without any observed values: ['post_position']. At least one non-missing value is needed for imputation with strategy='median'.
  warnings.warn(
/home/mgili/Workspace/ORT/ML Prod/Obligatorio/.venv/lib/python3.10/site-packages/sklearn/impute/_base.py:653: UserWarning: Skipping features without any observed values: ['post_position']. At least one non-missing value is needed for imputation with strategy='median'.
  warnings.warn(
[I 2026-07-11 18:21:17,536] Trial 13 finished with value: 0.6296236330352549 and parameters: {'n_estimators': 1200, 'max_depth': 7, 'learning_rate': 0.02628151486123009, 'min_child_weight': 4, 'reg_lambda': 2.9882653676550204, 'reg_alpha': 1.3824288857998095, 'subsample': 0.8811366281048426, 'colsample_bytree': 0.8195648200517236, 'gamma': 0.09160926784003709}. Best is trial 10 with value: 0.6316602605533607.
/home/mgili/Workspace/ORT/ML Prod/Obligatorio/.venv/lib/python3.10/site-packages/sklearn/impute/_base.py:653: UserWarning: Skipping features without any observed values: ['post_position']. At least one non-missing value is needed for imputation with strategy='median'.
  warnings.warn(
/home/mgili/Workspace/ORT/ML Prod/Obligatorio/.venv/lib/python3.10/site-packages/sklearn/impute/_base.py:653: UserWarning: Skipping features without any observed values: ['post_position']. At least one non-missing value is needed for imputation with strategy='median'.
  warnings.warn(
[I 2026-07-11 18:21:23,622] Trial 14 finished with value: 0.6247863157980779 and parameters: {'n_estimators': 1050, 'max_depth': 8, 'learning_rate': 0.029368582096652416, 'min_child_weight': 1, 'reg_lambda': 4.981164605211408, 'reg_alpha': 1.4425669126378744, 'subsample': 0.6993541774800387, 'colsample_bytree': 0.8375814833717212, 'gamma': 0.5686811478675277}. Best is trial 10 with value: 0.6316602605533607.
/home/mgili/Workspace/ORT/ML Prod/Obligatorio/.venv/lib/python3.10/site-packages/sklearn/impute/_base.py:653: UserWarning: Skipping features without any observed values: ['post_position']. At least one non-missing value is needed for imputation with strategy='median'.
  warnings.warn(
/home/mgili/Workspace/ORT/ML Prod/Obligatorio/.venv/lib/python3.10/site-packages/sklearn/impute/_base.py:653: UserWarning: Skipping features without any observed values: ['post_position']. At least one non-missing value is needed for imputation with strategy='median'.
  warnings.warn(
[I 2026-07-11 18:21:28,768] Trial 15 finished with value: 0.6333317149317177 and parameters: {'n_estimators': 1050, 'max_depth': 8, 'learning_rate': 0.018648912628200166, 'min_child_weight': 10, 'reg_lambda': 2.6657889622522943, 'reg_alpha': 1.1785366071307288, 'subsample': 0.8242608922062848, 'colsample_bytree': 0.7555209624547881, 'gamma': 1.7636422180458196}. Best is trial 15 with value: 0.6333317149317177.
/home/mgili/Workspace/ORT/ML Prod/Obligatorio/.venv/lib/python3.10/site-packages/sklearn/impute/_base.py:653: UserWarning: Skipping features without any observed values: ['post_position']. At least one non-missing value is needed for imputation with strategy='median'.
  warnings.warn(
/home/mgili/Workspace/ORT/ML Prod/Obligatorio/.venv/lib/python3.10/site-packages/sklearn/impute/_base.py:653: UserWarning: Skipping features without any observed values: ['post_position']. At least one non-missing value is needed for imputation with strategy='median'.
  warnings.warn(
[I 2026-07-11 18:21:32,404] Trial 16 finished with value: 0.6337526658424082 and parameters: {'n_estimators': 1000, 'max_depth': 8, 'learning_rate': 0.017959734634943225, 'min_child_weight': 10, 'reg_lambda': 2.2062788499774078, 'reg_alpha': 1.7755489416722843, 'subsample': 0.9146089241486842, 'colsample_bytree': 0.7555076779145545, 'gamma': 1.7919514239527088}. Best is trial 16 with value: 0.6337526658424082.
/home/mgili/Workspace/ORT/ML Prod/Obligatorio/.venv/lib/python3.10/site-packages/sklearn/impute/_base.py:653: UserWarning: Skipping features without any observed values: ['post_position']. At least one non-missing value is needed for imputation with strategy='median'.
  warnings.warn(
/home/mgili/Workspace/ORT/ML Prod/Obligatorio/.venv/lib/python3.10/site-packages/sklearn/impute/_base.py:653: UserWarning: Skipping features without any observed values: ['post_position']. At least one non-missing value is needed for imputation with strategy='median'.
  warnings.warn(
[I 2026-07-11 18:21:40,433] Trial 17 finished with value: 0.6329887121487416 and parameters: {'n_estimators': 1000, 'max_depth': 9, 'learning_rate': 0.016428197080173845, 'min_child_weight': 9, 'reg_lambda': 2.006351943584681, 'reg_alpha': 1.876911754519154, 'subsample': 0.9384233144028683, 'colsample_bytree': 0.7756681098874657, 'gamma': 1.7724724839674224}. Best is trial 16 with value: 0.6337526658424082.
/home/mgili/Workspace/ORT/ML Prod/Obligatorio/.venv/lib/python3.10/site-packages/sklearn/impute/_base.py:653: UserWarning: Skipping features without any observed values: ['post_position']. At least one non-missing value is needed for imputation with strategy='median'.
  warnings.warn(
/home/mgili/Workspace/ORT/ML Prod/Obligatorio/.venv/lib/python3.10/site-packages/sklearn/impute/_base.py:653: UserWarning: Skipping features without any observed values: ['post_position']. At least one non-missing value is needed for imputation with strategy='median'.
  warnings.warn(
[I 2026-07-11 18:21:47,736] Trial 18 finished with value: 0.633543144698962 and parameters: {'n_estimators': 1000, 'max_depth': 8, 'learning_rate': 0.01731752272762223, 'min_child_weight': 8, 'reg_lambda': 3.5285676616738213, 'reg_alpha': 1.6537346219316746, 'subsample': 0.9342146903446584, 'colsample_bytree': 0.6360696211789711, 'gamma': 1.9098950400839405}. Best is trial 16 with value: 0.6337526658424082.
/home/mgili/Workspace/ORT/ML Prod/Obligatorio/.venv/lib/python3.10/site-packages/sklearn/impute/_base.py:653: UserWarning: Skipping features without any observed values: ['post_position']. At least one non-missing value is needed for imputation with strategy='median'.
  warnings.warn(
/home/mgili/Workspace/ORT/ML Prod/Obligatorio/.venv/lib/python3.10/site-packages/sklearn/impute/_base.py:653: UserWarning: Skipping features without any observed values: ['post_position']. At least one non-missing value is needed for imputation with strategy='median'.
  warnings.warn(
[I 2026-07-11 18:21:54,365] Trial 19 finished with value: 0.6316612644774402 and parameters: {'n_estimators': 950, 'max_depth': 9, 'learning_rate': 0.04078939055264839, 'min_child_weight': 8, 'reg_lambda': 3.761211883199128, 'reg_alpha': 1.7498455305374758, 'subsample': 0.9375860908177559, 'colsample_bytree': 0.6117334516875461, 'gamma': 3.1221500739551447}. Best is trial 16 with value: 0.6337526658424082.
/home/mgili/Workspace/ORT/ML Prod/Obligatorio/.venv/lib/python3.10/site-packages/sklearn/impute/_base.py:653: UserWarning: Skipping features without any observed values: ['post_position']. At least one non-missing value is needed for imputation with strategy='median'.
  warnings.warn(
/home/mgili/Workspace/ORT/ML Prod/Obligatorio/.venv/lib/python3.10/site-packages/sklearn/impute/_base.py:653: UserWarning: Skipping features without any observed values: ['post_position']. At least one non-missing value is needed for imputation with strategy='median'.
  warnings.warn(
