[I 2026-07-11 18:24:20,704] Trial 42 finished with value: 0.6343484874798739 and parameters: {'n_estimators': 1050, 'max_depth': 8, 'learning_rate': 0.015111751068803948, 'min_child_weight': 9, 'reg_lambda': 1.8953913657173311, 'reg_alpha': 1.6786606576308534, 'subsample': 0.9454822923637332, 'colsample_bytree': 0.6261881411501714, 'gamma': 1.1393423029466465}. Best is trial 42 with value: 0.6343484874798739.
/home/mgili/Workspace/ORT/ML Prod/Obligatorio/.venv/lib/python3.10/site-packages/sklearn/impute/_base.py:653: UserWarning: Skipping features without any observed values: ['post_position']. At least one non-missing value is needed for imputation with strategy='median'.
  warnings.warn(
/home/mgili/Workspace/ORT/ML Prod/Obligatorio/.venv/lib/python3.10/site-packages/sklearn/impute/_base.py:653: UserWarning: Skipping features without any observed values: ['post_position']. At least one non-missing value is needed for imputation with strategy='median'.
  warnings.warn(
[I 2026-07-11 18:24:23,971] Trial 43 finished with value: 0.6237665428173917 and parameters: {'n_estimators': 400, 'max_depth': 7, 'learning_rate': 0.013214305355367039, 'min_child_weight': 10, 'reg_lambda': 1.5946902389661566, 'reg_alpha': 1.482370815195738, 'subsample': 0.9805322439233819, 'colsample_bytree': 0.705834382146256, 'gamma': 1.2309299960183926}. Best is trial 42 with value: 0.6343484874798739.
/home/mgili/Workspace/ORT/ML Prod/Obligatorio/.venv/lib/python3.10/site-packages/sklearn/impute/_base.py:653: UserWarning: Skipping features without any observed values: ['post_position']. At least one non-missing value is needed for imputation with strategy='median'.
  warnings.warn(
/home/mgili/Workspace/ORT/ML Prod/Obligatorio/.venv/lib/python3.10/site-packages/sklearn/impute/_base.py:653: UserWarning: Skipping features without any observed values: ['post_position']. At least one non-missing value is needed for imputation with strategy='median'.
  warnings.warn(
[I 2026-07-11 18:24:36,834] Trial 44 finished with value: 0.6342964762419012 and parameters: {'n_estimators': 1050, 'max_depth': 9, 'learning_rate': 0.011732528880578031, 'min_child_weight': 9, 'reg_lambda': 2.304539244913011, 'reg_alpha': 1.731024092384852, 'subsample': 0.9537424181456644, 'colsample_bytree': 0.6613595001537793, 'gamma': 0.8731178384116094}. Best is trial 42 with value: 0.6343484874798739.
/home/mgili/Workspace/ORT/ML Prod/Obligatorio/.venv/lib/python3.10/site-packages/sklearn/impute/_base.py:653: UserWarning: Skipping features without any observed values: ['post_position']. At least one non-missing value is needed for imputation with strategy='median'.
  warnings.warn(
/home/mgili/Workspace/ORT/ML Prod/Obligatorio/.venv/lib/python3.10/site-packages/sklearn/impute/_base.py:653: UserWarning: Skipping features without any observed values: ['post_position']. At least one non-missing value is needed for imputation with strategy='median'.
  warnings.warn(
[I 2026-07-11 18:24:48,468] Trial 45 finished with value: 0.6336000500239101 and parameters: {'n_estimators': 1100, 'max_depth': 10, 'learning_rate': 0.0115008602221876, 'min_child_weight': 9, 'reg_lambda': 1.8734977933539116, 'reg_alpha': 1.7855202895290887, 'subsample': 0.9515684076699952, 'colsample_bytree': 0.7994572187667724, 'gamma': 0.7944168890851503}. Best is trial 42 with value: 0.6343484874798739.
/home/mgili/Workspace/ORT/ML Prod/Obligatorio/.venv/lib/python3.10/site-packages/sklearn/impute/_base.py:653: UserWarning: Skipping features without any observed values: ['post_position']. At least one non-missing value is needed for imputation with strategy='median'.
  warnings.warn(
/home/mgili/Workspace/ORT/ML Prod/Obligatorio/.venv/lib/python3.10/site-packages/sklearn/impute/_base.py:653: UserWarning: Skipping features without any observed values: ['post_position']. At least one non-missing value is needed for imputation with strategy='median'.
  warnings.warn(
[I 2026-07-11 18:24:53,836] Trial 46 finished with value: 0.633511348678939 and parameters: {'n_estimators': 900, 'max_depth': 9, 'learning_rate': 0.01178554652430917, 'min_child_weight': 9, 'reg_lambda': 2.4082420506772375, 'reg_alpha': 1.7218061543457859, 'subsample': 0.912794673497945, 'colsample_bytree': 0.6397801984200455, 'gamma': 0.3965392768623796}. Best is trial 42 with value: 0.6343484874798739.
/home/mgili/Workspace/ORT/ML Prod/Obligatorio/.venv/lib/python3.10/site-packages/sklearn/impute/_base.py:653: UserWarning: Skipping features without any observed values: ['post_position']. At least one non-missing value is needed for imputation with strategy='median'.
  warnings.warn(
/home/mgili/Workspace/ORT/ML Prod/Obligatorio/.venv/lib/python3.10/site-packages/sklearn/impute/_base.py:653: UserWarning: Skipping features without any observed values: ['post_position']. At least one non-missing value is needed for imputation with strategy='median'.
  warnings.warn(
[I 2026-07-11 18:24:56,088] Trial 47 finished with value: 0.6274552006940707 and parameters: {'n_estimators': 1050, 'max_depth': 9, 'learning_rate': 0.10684744466350522, 'min_child_weight': 10, 'reg_lambda': 2.674759649410417, 'reg_alpha': 1.9971387328291703, 'subsample': 0.9847348390179679, 'colsample_bytree': 0.6020456265232905, 'gamma': 0.7247770315305752}. Best is trial 42 with value: 0.6343484874798739.
/home/mgili/Workspace/ORT/ML Prod/Obligatorio/.venv/lib/python3.10/site-packages/sklearn/impute/_base.py:653: UserWarning: Skipping features without any observed values: ['post_position']. At least one non-missing value is needed for imputation with strategy='median'.
  warnings.warn(
/home/mgili/Workspace/ORT/ML Prod/Obligatorio/.venv/lib/python3.10/site-packages/sklearn/impute/_base.py:653: UserWarning: Skipping features without any observed values: ['post_position']. At least one non-missing value is needed for imputation with strategy='median'.
  warnings.warn(
[I 2026-07-11 18:25:07,191] Trial 48 finished with value: 0.6350111373150448 and parameters: {'n_estimators': 1150, 'max_depth': 7, 'learning_rate': 0.01944558290110939, 'min_child_weight': 10, 'reg_lambda': 2.1316645673506582, 'reg_alpha': 1.8384783869706245, 'subsample': 0.899777523306629, 'colsample_bytree': 0.6618304761284186, 'gamma': 1.5065670846936685}. Best is trial 48 with value: 0.6350111373150448.
/home/mgili/Workspace/ORT/ML Prod/Obligatorio/.venv/lib/python3.10/site-packages/sklearn/impute/_base.py:653: UserWarning: Skipping features without any observed values: ['post_position']. At least one non-missing value is needed for imputation with strategy='median'.
  warnings.warn(
/home/mgili/Workspace/ORT/ML Prod/Obligatorio/.venv/lib/python3.10/site-packages/sklearn/impute/_base.py:653: UserWarning: Skipping features without any observed values: ['post_position']. At least one non-missing value is needed for imputation with strategy='median'.
  warnings.warn(
[I 2026-07-11 18:25:15,193] Trial 49 finished with value: 0.6306634165465251 and parameters: {'n_estimators': 1150, 'max_depth': 7, 'learning_rate': 0.030281349837284196, 'min_child_weight': 9, 'reg_lambda': 3.0841392252137094, 'reg_alpha': 1.3979412840868721, 'subsample': 0.7912871819327936, 'colsample_bytree': 0.660488082536766, 'gamma': 0.9909819713893179}. Best is trial 48 with value: 0.6350111373150448.
2026-07-11 18:25:15,194 INFO __main__ | Best PR-AUC=0.6350 | best params={'n_estimators': 1150, 'max_depth': 7, 'learning_rate': 0.01944558290110939, 'min_child_weight': 10, 'reg_lambda': 2.1316645673506582, 'reg_alpha': 1.8384783869706245, 'subsample': 0.899777523306629, 'colsample_bytree': 0.6618304761284186, 'gamma': 1.5065670846936685}
2026-07-11 18:25:15,697 INFO src.features.pipeline | FeatureEngineeringPipeline fitted on 65990 rows / 6657 horses / 313 jockeys
/home/mgili/Workspace/ORT/ML Prod/Obligatorio/.venv/lib/python3.10/site-packages/sklearn/impute/_base.py:653: UserWarning: Skipping features without any observed values: ['post_position']. At least one non-missing value is needed for imputation with strategy='median'.
  warnings.warn(
/home/mgili/Workspace/ORT/ML Prod/Obligatorio/.venv/lib/python3.10/site-packages/sklearn/impute/_base.py:653: UserWarning: Skipping features without any observed values: ['post_position']. At least one non-missing value is needed for imputation with strategy='median'.
  warnings.warn(
/home/mgili/Workspace/ORT/ML Prod/Obligatorio/.venv/lib/python3.10/site-packages/sklearn/impute/_base.py:653: UserWarning: Skipping features without any observed values: ['post_position']. At least one non-missing value is needed for imputation with strategy='median'.
  warnings.warn(
2026-07-11 18:28:55,333 INFO __main__ | Refit on full train | test metrics: {'test_roc_auc': 0.7093478318172817, 'test_pr_auc': 0.6428085020029253, 'test_log_loss': 0.58557908859704, 'test_brier': 0.20032151650053204, 'test_f1_at_05': 0.4417759171532445, 'test_precision_at_05': 0.7140313390313391, 'test_recall_at_05': 0.31982772371989154, 'test_positive_rate': 0.3775368864799759}
/home/mgili/Workspace/ORT/ML Prod/Obligatorio/.venv/lib/python3.10/site-packages/mlflow/types/utils.py:452: UserWarning: Hint: Inferred schema contains integer column(s). Integer columns in Python cannot represent missing values. If your input data contains missing values at inference time, it will be encoded as floats and will cause a schema enforcement error. The best way to avoid this problem is to infer the model schema based on a realistic data sample (training dataset) that includes missing values. Alternatively, you can declare integer columns as doubles (float64) whenever these columns may have missing values. See `Handling Integers With Missing Values <https://www.mlflow.org/docs/latest/models.html#handling-integers-with-missing-values>`_ for more details.
  warnings.warn(
/home/mgili/Workspace/ORT/ML Prod/Obligatorio/.venv/lib/python3.10/site-packages/sklearn/impute/_base.py:653: UserWarning: Skipping features without any observed values: ['post_position']. At least one non-missing value is needed for imputation with strategy='median'.
  warnings.warn(
/home/mgili/Workspace/ORT/ML Prod/Obligatorio/.venv/lib/python3.10/site-packages/mlflow/types/utils.py:452: UserWarning: Hint: Inferred schema contains integer column(s). Integer columns in Python cannot represent missing values. If your input data contains missing values at inference time, it will be encoded as floats and will cause a schema enforcement error. The best way to avoid this problem is to infer the model schema based on a realistic data sample (training dataset) that includes missing values. Alternatively, you can declare integer columns as doubles (float64) whenever these columns may have missing values. See `Handling Integers With Missing Values <https://www.mlflow.org/docs/latest/models.html#handling-integers-with-missing-values>`_ for more details.
  warnings.warn(
/home/mgili/Workspace/ORT/ML Prod/Obligatorio/.venv/lib/python3.10/site-packages/sklearn/impute/_base.py:653: UserWarning: Skipping features without any observed values: ['post_position']. At least one non-missing value is needed for imputation with strategy='median'.
  warnings.warn(
