[I 2026-07-11 18:22:00,356] Trial 20 finished with value: 0.6300516730091479 and parameters: {'n_estimators': 750, 'max_depth': 6, 'learning_rate': 0.017250878581446315, 'min_child_weight': 8, 'reg_lambda': 3.3140633328636833, 'reg_alpha': 1.6771741334118313, 'subsample': 0.9538145529019646, 'colsample_bytree': 0.6738399055912927, 'gamma': 1.938753107796}. Best is trial 16 with value: 0.6337526658424082.
/home/mgili/Workspace/ORT/ML Prod/Obligatorio/.venv/lib/python3.10/site-packages/sklearn/impute/_base.py:653: UserWarning: Skipping features without any observed values: ['post_position']. At least one non-missing value is needed for imputation with strategy='median'.
  warnings.warn(
/home/mgili/Workspace/ORT/ML Prod/Obligatorio/.venv/lib/python3.10/site-packages/sklearn/impute/_base.py:653: UserWarning: Skipping features without any observed values: ['post_position']. At least one non-missing value is needed for imputation with strategy='median'.
  warnings.warn(
[I 2026-07-11 18:22:17,235] Trial 21 finished with value: 0.6342550457111262 and parameters: {'n_estimators': 1100, 'max_depth': 8, 'learning_rate': 0.017563420206771766, 'min_child_weight': 10, 'reg_lambda': 2.149872794581777, 'reg_alpha': 1.6220531887025584, 'subsample': 0.8845191848556345, 'colsample_bytree': 0.7608903471387501, 'gamma': 1.7061044151065186}. Best is trial 21 with value: 0.6342550457111262.
/home/mgili/Workspace/ORT/ML Prod/Obligatorio/.venv/lib/python3.10/site-packages/sklearn/impute/_base.py:653: UserWarning: Skipping features without any observed values: ['post_position']. At least one non-missing value is needed for imputation with strategy='median'.
  warnings.warn(
/home/mgili/Workspace/ORT/ML Prod/Obligatorio/.venv/lib/python3.10/site-packages/sklearn/impute/_base.py:653: UserWarning: Skipping features without any observed values: ['post_position']. At least one non-missing value is needed for imputation with strategy='median'.
  warnings.warn(
[I 2026-07-11 18:22:24,208] Trial 22 finished with value: 0.6315052409389682 and parameters: {'n_estimators': 1100, 'max_depth': 8, 'learning_rate': 0.01568001200576774, 'min_child_weight': 9, 'reg_lambda': 2.072892016158609, 'reg_alpha': 1.632750748376001, 'subsample': 0.8802489778678998, 'colsample_bytree': 0.7364299902367083, 'gamma': 2.2194414773659705}. Best is trial 21 with value: 0.6342550457111262.
/home/mgili/Workspace/ORT/ML Prod/Obligatorio/.venv/lib/python3.10/site-packages/sklearn/impute/_base.py:653: UserWarning: Skipping features without any observed values: ['post_position']. At least one non-missing value is needed for imputation with strategy='median'.
  warnings.warn(
/home/mgili/Workspace/ORT/ML Prod/Obligatorio/.venv/lib/python3.10/site-packages/sklearn/impute/_base.py:653: UserWarning: Skipping features without any observed values: ['post_position']. At least one non-missing value is needed for imputation with strategy='median'.
  warnings.warn(
[I 2026-07-11 18:22:27,396] Trial 23 finished with value: 0.6317249437168301 and parameters: {'n_estimators': 950, 'max_depth': 8, 'learning_rate': 0.0342986534526446, 'min_child_weight': 9, 'reg_lambda': 4.400131173613442, 'reg_alpha': 1.9943902435070613, 'subsample': 0.8944103782781355, 'colsample_bytree': 0.7844707023078049, 'gamma': 1.48483725442343}. Best is trial 21 with value: 0.6342550457111262.
/home/mgili/Workspace/ORT/ML Prod/Obligatorio/.venv/lib/python3.10/site-packages/sklearn/impute/_base.py:653: UserWarning: Skipping features without any observed values: ['post_position']. At least one non-missing value is needed for imputation with strategy='median'.
  warnings.warn(
/home/mgili/Workspace/ORT/ML Prod/Obligatorio/.venv/lib/python3.10/site-packages/sklearn/impute/_base.py:653: UserWarning: Skipping features without any observed values: ['post_position']. At least one non-missing value is needed for imputation with strategy='median'.
  warnings.warn(
[I 2026-07-11 18:22:31,810] Trial 24 finished with value: 0.6318623219644868 and parameters: {'n_estimators': 1050, 'max_depth': 9, 'learning_rate': 0.020336582002622776, 'min_child_weight': 7, 'reg_lambda': 1.831786844003066, 'reg_alpha': 1.5734999464593962, 'subsample': 0.9183007171468729, 'colsample_bytree': 0.6831640827488645, 'gamma': 3.534164643549822}. Best is trial 21 with value: 0.6342550457111262.
/home/mgili/Workspace/ORT/ML Prod/Obligatorio/.venv/lib/python3.10/site-packages/sklearn/impute/_base.py:653: UserWarning: Skipping features without any observed values: ['post_position']. At least one non-missing value is needed for imputation with strategy='median'.
  warnings.warn(
/home/mgili/Workspace/ORT/ML Prod/Obligatorio/.venv/lib/python3.10/site-packages/sklearn/impute/_base.py:653: UserWarning: Skipping features without any observed values: ['post_position']. At least one non-missing value is needed for imputation with strategy='median'.
  warnings.warn(
[I 2026-07-11 18:22:35,515] Trial 25 finished with value: 0.6308711622972586 and parameters: {'n_estimators': 1100, 'max_depth': 6, 'learning_rate': 0.014473525335316982, 'min_child_weight': 10, 'reg_lambda': 3.3792004674770535, 'reg_alpha': 1.8410267896347763, 'subsample': 0.865140008739067, 'colsample_bytree': 0.6083971266710799, 'gamma': 2.6018774978715244}. Best is trial 21 with value: 0.6342550457111262.
/home/mgili/Workspace/ORT/ML Prod/Obligatorio/.venv/lib/python3.10/site-packages/sklearn/impute/_base.py:653: UserWarning: Skipping features without any observed values: ['post_position']. At least one non-missing value is needed for imputation with strategy='median'.
  warnings.warn(
/home/mgili/Workspace/ORT/ML Prod/Obligatorio/.venv/lib/python3.10/site-packages/sklearn/impute/_base.py:653: UserWarning: Skipping features without any observed values: ['post_position']. At least one non-missing value is needed for imputation with strategy='median'.
  warnings.warn(
[I 2026-07-11 18:22:44,258] Trial 26 finished with value: 0.6334710296895181 and parameters: {'n_estimators': 950, 'max_depth': 8, 'learning_rate': 0.01068140303682144, 'min_child_weight': 8, 'reg_lambda': 2.135171753702083, 'reg_alpha': 1.5444797708857583, 'subsample': 0.9634828118536135, 'colsample_bytree': 0.6563702420571922, 'gamma': 1.3529050228592547}. Best is trial 21 with value: 0.6342550457111262.
/home/mgili/Workspace/ORT/ML Prod/Obligatorio/.venv/lib/python3.10/site-packages/sklearn/impute/_base.py:653: UserWarning: Skipping features without any observed values: ['post_position']. At least one non-missing value is needed for imputation with strategy='median'.
  warnings.warn(
/home/mgili/Workspace/ORT/ML Prod/Obligatorio/.venv/lib/python3.10/site-packages/sklearn/impute/_base.py:653: UserWarning: Skipping features without any observed values: ['post_position']. At least one non-missing value is needed for imputation with strategy='median'.
  warnings.warn(
[I 2026-07-11 18:22:45,912] Trial 27 finished with value: 0.618942634387036 and parameters: {'n_estimators': 250, 'max_depth': 6, 'learning_rate': 0.020670369989815036, 'min_child_weight': 7, 'reg_lambda': 3.391552914011191, 'reg_alpha': 1.7455986846233098, 'subsample': 0.8464251883748246, 'colsample_bytree': 0.7797473242995243, 'gamma': 0.7741253093627474}. Best is trial 21 with value: 0.6342550457111262.
/home/mgili/Workspace/ORT/ML Prod/Obligatorio/.venv/lib/python3.10/site-packages/sklearn/impute/_base.py:653: UserWarning: Skipping features without any observed values: ['post_position']. At least one non-missing value is needed for imputation with strategy='median'.
  warnings.warn(
/home/mgili/Workspace/ORT/ML Prod/Obligatorio/.venv/lib/python3.10/site-packages/sklearn/impute/_base.py:653: UserWarning: Skipping features without any observed values: ['post_position']. At least one non-missing value is needed for imputation with strategy='median'.
  warnings.warn(
[I 2026-07-11 18:23:05,770] Trial 28 finished with value: 0.6322771724918432 and parameters: {'n_estimators': 1000, 'max_depth': 10, 'learning_rate': 0.010047431076429927, 'min_child_weight': 9, 'reg_lambda': 1.2872711877594771, 'reg_alpha': 1.3159424979586953, 'subsample': 0.9182261992060284, 'colsample_bytree': 0.699396731668712, 'gamma': 1.9929864115124267}. Best is trial 21 with value: 0.6342550457111262.
/home/mgili/Workspace/ORT/ML Prod/Obligatorio/.venv/lib/python3.10/site-packages/sklearn/impute/_base.py:653: UserWarning: Skipping features without any observed values: ['post_position']. At least one non-missing value is needed for imputation with strategy='median'.
  warnings.warn(
/home/mgili/Workspace/ORT/ML Prod/Obligatorio/.venv/lib/python3.10/site-packages/sklearn/impute/_base.py:653: UserWarning: Skipping features without any observed values: ['post_position']. At least one non-missing value is needed for imputation with strategy='median'.
  warnings.warn(
[I 2026-07-11 18:23:10,589] Trial 29 finished with value: 0.6302949697681285 and parameters: {'n_estimators': 1100, 'max_depth': 10, 'learning_rate': 0.03411810911782739, 'min_child_weight': 10, 'reg_lambda': 4.413549288847731, 'reg_alpha': 1.7779077368010596, 'subsample': 0.9626840352744744, 'colsample_bytree': 0.635825950455005, 'gamma': 3.00120582375693}. Best is trial 21 with value: 0.6342550457111262.
/home/mgili/Workspace/ORT/ML Prod/Obligatorio/.venv/lib/python3.10/site-packages/sklearn/impute/_base.py:653: UserWarning: Skipping features without any observed values: ['post_position']. At least one non-missing value is needed for imputation with strategy='median'.
  warnings.warn(
/home/mgili/Workspace/ORT/ML Prod/Obligatorio/.venv/lib/python3.10/site-packages/sklearn/impute/_base.py:653: UserWarning: Skipping features without any observed values: ['post_position']. At least one non-missing value is needed for imputation with strategy='median'.
  warnings.warn(
[I 2026-07-11 18:23:16,332] Trial 30 finished with value: 0.6325912858800293 and parameters: {'n_estimators': 850, 'max_depth': 9, 'learning_rate': 0.020950585514581375, 'min_child_weight': 6, 'reg_lambda': 2.933356974261722, 'reg_alpha': 1.5782677560203302, 'subsample': 0.9015121537750121, 'colsample_bytree': 0.8099130199166444, 'gamma': 1.5764304855864948}. Best is trial 21 with value: 0.6342550457111262.
/home/mgili/Workspace/ORT/ML Prod/Obligatorio/.venv/lib/python3.10/site-packages/sklearn/impute/_base.py:653: UserWarning: Skipping features without any observed values: ['post_position']. At least one non-missing value is needed for imputation with strategy='median'.
  warnings.warn(
/home/mgili/Workspace/ORT/ML Prod/Obligatorio/.venv/lib/python3.10/site-packages/sklearn/impute/_base.py:653: UserWarning: Skipping features without any observed values: ['post_position']. At least one non-missing value is needed for imputation with strategy='median'.
  warnings.warn(
[I 2026-07-11 18:23:21,726] Trial 31 finished with value: 0.6325060843939362 and parameters: {'n_estimators': 950, 'max_depth': 8, 'learning_rate': 0.010789211215271287, 'min_child_weight': 8, 'reg_lambda': 2.2725245766463607, 'reg_alpha': 1.4748648182979678, 'subsample': 0.9993986750197683, 'colsample_bytree': 0.6555447055120316, 'gamma': 1.3367309649192893}. Best is trial 21 with value: 0.6342550457111262.
/home/mgili/Workspace/ORT/ML Prod/Obligatorio/.venv/lib/python3.10/site-packages/sklearn/impute/_base.py:653: UserWarning: Skipping features without any observed values: ['post_position']. At least one non-missing value is needed for imputation with strategy='median'.
  warnings.warn(
/home/mgili/Workspace/ORT/ML Prod/Obligatorio/.venv/lib/python3.10/site-packages/sklearn/impute/_base.py:653: UserWarning: Skipping features without any observed values: ['post_position']. At least one non-missing value is needed for imputation with strategy='median'.
  warnings.warn(
[I 2026-07-11 18:23:23,138] Trial 32 finished with value: 0.6255784163040414 and parameters: {'n_estimators': 900, 'max_depth': 8, 'learning_rate': 0.16308733916834117, 'min_child_weight': 9, 'reg_lambda': 1.748624729076752, 'reg_alpha': 1.5956968567122025, 'subsample': 0.9623490525894131, 'colsample_bytree': 0.7400243637843621, 'gamma': 2.3184328064217246}. Best is trial 21 with value: 0.6342550457111262.
/home/mgili/Workspace/ORT/ML Prod/Obligatorio/.venv/lib/python3.10/site-packages/sklearn/impute/_base.py:653: UserWarning: Skipping features without any observed values: ['post_position']. At least one non-missing value is needed for imputation with strategy='median'.
  warnings.warn(
/home/mgili/Workspace/ORT/ML Prod/Obligatorio/.venv/lib/python3.10/site-packages/sklearn/impute/_base.py:653: UserWarning: Skipping features without any observed values: ['post_position']. At least one non-missing value is needed for imputation with strategy='median'.
  warnings.warn(
[I 2026-07-11 18:23:27,442] Trial 33 finished with value: 0.6336757927470811 and parameters: {'n_estimators': 1000, 'max_depth': 8, 'learning_rate': 0.014273305609767044, 'min_child_weight': 8, 'reg_lambda': 1.2649023186020933, 'reg_alpha': 1.2969184899759567, 'subsample': 0.9380113456115445, 'colsample_bytree': 0.679490888668883, 'gamma': 1.1404005969428677}. Best is trial 21 with value: 0.6342550457111262.
/home/mgili/Workspace/ORT/ML Prod/Obligatorio/.venv/lib/python3.10/site-packages/sklearn/impute/_base.py:653: UserWarning: Skipping features without any observed values: ['post_position']. At least one non-missing value is needed for imputation with strategy='median'.
  warnings.warn(
/home/mgili/Workspace/ORT/ML Prod/Obligatorio/.venv/lib/python3.10/site-packages/sklearn/impute/_base.py:653: UserWarning: Skipping features without any observed values: ['post_position']. At least one non-missing value is needed for imputation with strategy='median'.
  warnings.warn(
[I 2026-07-11 18:23:35,597] Trial 34 finished with value: 0.6334702082496374 and parameters: {'n_estimators': 1000, 'max_depth': 9, 'learning_rate': 0.013663125456909087, 'min_child_weight': 7, 'reg_lambda': 0.48411554685583136, 'reg_alpha': 1.3516588443034758, 'subsample': 0.9327820599144391, 'colsample_bytree': 0.6898056514847506, 'gamma': 0.9750086101303559}. Best is trial 21 with value: 0.6342550457111262.
/home/mgili/Workspace/ORT/ML Prod/Obligatorio/.venv/lib/python3.10/site-packages/sklearn/impute/_base.py:653: UserWarning: Skipping features without any observed values: ['post_position']. At least one non-missing value is needed for imputation with strategy='median'.
  warnings.warn(
/home/mgili/Workspace/ORT/ML Prod/Obligatorio/.venv/lib/python3.10/site-packages/sklearn/impute/_base.py:653: UserWarning: Skipping features without any observed values: ['post_position']. At least one non-missing value is needed for imputation with strategy='median'.
  warnings.warn(
[I 2026-07-11 18:23:38,684] Trial 35 finished with value: 0.6315097518513022 and parameters: {'n_estimators': 650, 'max_depth': 7, 'learning_rate': 0.0153573813009346, 'min_child_weight': 6, 'reg_lambda': 1.2541114363981796, 'reg_alpha': 0.9907252726897209, 'subsample': 0.8860714579193617, 'colsample_bytree': 0.8747118615460108, 'gamma': 2.0061589225855325}. Best is trial 21 with value: 0.6342550457111262.
/home/mgili/Workspace/ORT/ML Prod/Obligatorio/.venv/lib/python3.10/site-packages/sklearn/impute/_base.py:653: UserWarning: Skipping features without any observed values: ['post_position']. At least one non-missing value is needed for imputation with strategy='median'.
  warnings.warn(
/home/mgili/Workspace/ORT/ML Prod/Obligatorio/.venv/lib/python3.10/site-packages/sklearn/impute/_base.py:653: UserWarning: Skipping features without any observed values: ['post_position']. At least one non-missing value is needed for imputation with strategy='median'.
  warnings.warn(
[I 2026-07-11 18:23:42,296] Trial 36 finished with value: 0.6281511910145883 and parameters: {'n_estimators': 1150, 'max_depth': 8, 'learning_rate': 0.018331219239165284, 'min_child_weight': 9, 'reg_lambda': 1.4610885597098044, 'reg_alpha': 1.2616393508815447, 'subsample': 0.8411240908284312, 'colsample_bytree': 0.7255455505233162, 'gamma': 4.99320466279643}. Best is trial 21 with value: 0.6342550457111262.
/home/mgili/Workspace/ORT/ML Prod/Obligatorio/.venv/lib/python3.10/site-packages/sklearn/impute/_base.py:653: UserWarning: Skipping features without any observed values: ['post_position']. At least one non-missing value is needed for imputation with strategy='median'.
  warnings.warn(
/home/mgili/Workspace/ORT/ML Prod/Obligatorio/.venv/lib/python3.10/site-packages/sklearn/impute/_base.py:653: UserWarning: Skipping features without any observed values: ['post_position']. At least one non-missing value is needed for imputation with strategy='median'.
  warnings.warn(
[I 2026-07-11 18:23:49,324] Trial 37 finished with value: 0.6307966116533598 and parameters: {'n_estimators': 900, 'max_depth': 7, 'learning_rate': 0.01335030532717828, 'min_child_weight': 10, 'reg_lambda': 0.0008968705545935318, 'reg_alpha': 0.5596327323046583, 'subsample': 0.6454078948307838, 'colsample_bytree': 0.7600130676745886, 'gamma': 0.5410459646580452}. Best is trial 21 with value: 0.6342550457111262.
/home/mgili/Workspace/ORT/ML Prod/Obligatorio/.venv/lib/python3.10/site-packages/sklearn/impute/_base.py:653: UserWarning: Skipping features without any observed values: ['post_position']. At least one non-missing value is needed for imputation with strategy='median'.
  warnings.warn(
/home/mgili/Workspace/ORT/ML Prod/Obligatorio/.venv/lib/python3.10/site-packages/sklearn/impute/_base.py:653: UserWarning: Skipping features without any observed values: ['post_position']. At least one non-missing value is needed for imputation with strategy='median'.
  warnings.warn(
[I 2026-07-11 18:23:51,597] Trial 38 finished with value: 0.6229223261126193 and parameters: {'n_estimators': 800, 'max_depth': 9, 'learning_rate': 0.14474136889111422, 'min_child_weight': 7, 'reg_lambda': 1.0446057118280205, 'reg_alpha': 1.8959008256082426, 'subsample': 0.9832335299947319, 'colsample_bytree': 0.7183825309504531, 'gamma': 1.10449147976305}. Best is trial 21 with value: 0.6342550457111262.
/home/mgili/Workspace/ORT/ML Prod/Obligatorio/.venv/lib/python3.10/site-packages/sklearn/impute/_base.py:653: UserWarning: Skipping features without any observed values: ['post_position']. At least one non-missing value is needed for imputation with strategy='median'.
  warnings.warn(
/home/mgili/Workspace/ORT/ML Prod/Obligatorio/.venv/lib/python3.10/site-packages/sklearn/impute/_base.py:653: UserWarning: Skipping features without any observed values: ['post_position']. At least one non-missing value is needed for imputation with strategy='median'.
  warnings.warn(
[I 2026-07-11 18:23:58,737] Trial 39 finished with value: 0.630205586946464 and parameters: {'n_estimators': 1150, 'max_depth': 6, 'learning_rate': 0.023214642522954163, 'min_child_weight': 8, 'reg_lambda': 0.6359768225609571, 'reg_alpha': 1.0605474411726377, 'subsample': 0.9159922688327194, 'colsample_bytree': 0.6222496187523374, 'gamma': 2.714104800559565}. Best is trial 21 with value: 0.6342550457111262.
/home/mgili/Workspace/ORT/ML Prod/Obligatorio/.venv/lib/python3.10/site-packages/sklearn/impute/_base.py:653: UserWarning: Skipping features without any observed values: ['post_position']. At least one non-missing value is needed for imputation with strategy='median'.
  warnings.warn(
/home/mgili/Workspace/ORT/ML Prod/Obligatorio/.venv/lib/python3.10/site-packages/sklearn/impute/_base.py:653: UserWarning: Skipping features without any observed values: ['post_position']. At least one non-missing value is needed for imputation with strategy='median'.
  warnings.warn(
[I 2026-07-11 18:24:01,128] Trial 40 finished with value: 0.6147562313491861 and parameters: {'n_estimators': 750, 'max_depth': 4, 'learning_rate': 0.012331002766874136, 'min_child_weight': 5, 'reg_lambda': 2.5391493713876416, 'reg_alpha': 0.8671079774175552, 'subsample': 0.8742829217345914, 'colsample_bytree': 0.670554765907516, 'gamma': 1.6791514432762704}. Best is trial 21 with value: 0.6342550457111262.
/home/mgili/Workspace/ORT/ML Prod/Obligatorio/.venv/lib/python3.10/site-packages/sklearn/impute/_base.py:653: UserWarning: Skipping features without any observed values: ['post_position']. At least one non-missing value is needed for imputation with strategy='median'.
  warnings.warn(
/home/mgili/Workspace/ORT/ML Prod/Obligatorio/.venv/lib/python3.10/site-packages/sklearn/impute/_base.py:653: UserWarning: Skipping features without any observed values: ['post_position']. At least one non-missing value is needed for imputation with strategy='median'.
  warnings.warn(
[I 2026-07-11 18:24:07,236] Trial 41 finished with value: 0.6339804789191426 and parameters: {'n_estimators': 1000, 'max_depth': 8, 'learning_rate': 0.01160931527940697, 'min_child_weight': 8, 'reg_lambda': 2.146088068326561, 'reg_alpha': 1.5056240025303746, 'subsample': 0.956965158654349, 'colsample_bytree': 0.6514266437223722, 'gamma': 1.1700814543296807}. Best is trial 21 with value: 0.6342550457111262.
/home/mgili/Workspace/ORT/ML Prod/Obligatorio/.venv/lib/python3.10/site-packages/sklearn/impute/_base.py:653: UserWarning: Skipping features without any observed values: ['post_position']. At least one non-missing value is needed for imputation with strategy='median'.
  warnings.warn(
/home/mgili/Workspace/ORT/ML Prod/Obligatorio/.venv/lib/python3.10/site-packages/sklearn/impute/_base.py:653: UserWarning: Skipping features without any observed values: ['post_position']. At least one non-missing value is needed for imputation with strategy='median'.
  warnings.warn(
